Performing C++ SOURCE FILE Test CMAKE_HAVE_LIBC_PTHREAD failed with the following output:
Change Dir: /home/arseny/CLionProjects/OmSU_2020/cmake-build-debug/CMakeFiles/CMakeTmp

Run Build Command(s):/usr/bin/make cmTC_0f79a/fast && /usr/bin/make  -f CMakeFiles/cmTC_0f79a.dir/build.make CMakeFiles/cmTC_0f79a.dir/build
make[1]: Entering directory '/home/arseny/CLionProjects/OmSU_2020/cmake-build-debug/CMakeFiles/CMakeTmp'
Building CXX object CMakeFiles/cmTC_0f79a.dir/src.cxx.o
/usr/bin/c++    -DCMAKE_HAVE_LIBC_PTHREAD   -std=gnu++14 -o CMakeFiles/cmTC_0f79a.dir/src.cxx.o -c /home/arseny/CLionProjects/OmSU_2020/cmake-build-debug/CMakeFiles/CMakeTmp/src.cxx
Linking CXX executable cmTC_0f79a
/home/arseny/.local/share/JetBrains/Toolbox/apps/CLion/ch-0/203.7148.70/bin/cmake/linux/bin/cmake -E cmake_link_script CMakeFiles/cmTC_0f79a.dir/link.txt --verbose=1
/usr/bin/c++   -DCMAKE_HAVE_LIBC_PTHREAD    CMakeFiles/cmTC_0f79a.dir/src.cxx.o  -o cmTC_0f79a 
CMakeFiles/cmTC_0f79a.dir/src.cxx.o: In function `main':
src.cxx:(.text+0x3e): undefined reference to `pthread_create'
src.cxx:(.text+0x4a): undefined reference to `pthread_detach'
src.cxx:(.text+0x56): undefined reference to `pthread_cancel'
src.cxx:(.text+0x67): undefined reference to `pthread_join'
src.cxx:(.text+0x7b): undefined reference to `pthread_atfork'
collect2: error: ld returned 1 exit status
CMakeFiles/cmTC_0f79a.dir/build.make:106: recipe for target 'cmTC_0f79a' failed
make[1]: *** [cmTC_0f79a] Error 1
make[1]: Leaving directory '/home/arseny/CLionProjects/OmSU_2020/cmake-build-debug/CMakeFiles/CMakeTmp'
Makefile:141: recipe for target 'cmTC_0f79a/fast' failed
make: *** [cmTC_0f79a/fast] Error 2


Source file was:
#include <pthread.h>

void* test_func(void* data)
{
  return data;
}

int main(void)
{
  pthread_t thread;
  pthread_create(&thread, NULL, test_func, NULL);
  pthread_detach(thread);
  pthread_cancel(thread);
  pthread_join(thread, NULL);
  pthread_atfork(NULL, NULL, NULL);
  pthread_exit(NULL);

  return 0;
}

Determining if the function pthread_create exists in the pthreads failed with the following output:
Change Dir: /home/arseny/CLionProjects/OmSU_2020/cmake-build-debug/CMakeFiles/CMakeTmp

Run Build Command(s):/usr/bin/make cmTC_689a4/fast && /usr/bin/make  -f CMakeFiles/cmTC_689a4.dir/build.make CMakeFiles/cmTC_689a4.dir/build
make[1]: Entering directory '/home/arseny/CLionProjects/OmSU_2020/cmake-build-debug/CMakeFiles/CMakeTmp'
Building CXX object CMakeFiles/cmTC_689a4.dir/CheckFunctionExists.cxx.o
/usr/bin/c++    -DCHECK_FUNCTION_EXISTS=pthread_create   -std=gnu++14 -o CMakeFiles/cmTC_689a4.dir/CheckFunctionExists.cxx.o -c /home/arseny/CLionProjects/OmSU_2020/cmake-build-debug/CMakeFiles/CheckLibraryExists/CheckFunctionExists.cxx
Linking CXX executable cmTC_689a4
/home/arseny/.local/share/JetBrains/Toolbox/apps/CLion/ch-0/203.7148.70/bin/cmake/linux/bin/cmake -E cmake_link_script CMakeFiles/cmTC_689a4.dir/link.txt --verbose=1
/usr/bin/c++   -DCHECK_FUNCTION_EXISTS=pthread_create    CMakeFiles/cmTC_689a4.dir/CheckFunctionExists.cxx.o  -o cmTC_689a4  -lpthreads 
/usr/bin/ld: cannot find -lpthreads
collect2: error: ld returned 1 exit status
CMakeFiles/cmTC_689a4.dir/build.make:106: recipe for target 'cmTC_689a4' failed
make[1]: *** [cmTC_689a4] Error 1
make[1]: Leaving directory '/home/arseny/CLionProjects/OmSU_2020/cmake-build-debug/CMakeFiles/CMakeTmp'
Makefile:141: recipe for target 'cmTC_689a4/fast' failed
make: *** [cmTC_689a4/fast] Error 2



